Using pre-set license
Built from '2021.3/staging' branch; Version is '2021.3.26f1 (a16dc32e0ff2) revision 10579395'; Using compiler version '192829333'; Build Type 'Release'
OS: 'Windows 11  (10.0.22621) 64bit CoreSingleLanguage' Language: 'en' Physical Memory: 16205 MB
BatchMode: 1, IsHumanControllingUs: 0, StartBugReporterOnCrash: 0, Is64bit: 1, IsPro: 1

COMMAND LINE ARGUMENTS:
D:\Unity\Editor\2021.3.26f1\Editor\Unity.exe
-adb2
-batchMode
-noUpm
-name
AssetImportWorker1
-projectPath
C:/Test Unity/FinalYearProject
-logFile
Logs/AssetImportWorker1.log
-srvPort
65157
Successfully changed project path to: C:/Test Unity/FinalYearProject
C:/Test Unity/FinalYearProject
[UnityMemory] Configuration Parameters - Can be set up in boot.config
    "memorysetup-bucket-allocator-granularity=16"
    "memorysetup-bucket-allocator-bucket-count=8"
    "memorysetup-bucket-allocator-block-size=33554432"
    "memorysetup-bucket-allocator-block-count=8"
    "memorysetup-main-allocator-block-size=16777216"
    "memorysetup-thread-allocator-block-size=16777216"
    "memorysetup-gfx-main-allocator-block-size=16777216"
    "memorysetup-gfx-thread-allocator-block-size=16777216"
    "memorysetup-cache-allocator-block-size=4194304"
    "memorysetup-typetree-allocator-block-size=2097152"
    "memorysetup-profiler-bucket-allocator-granularity=16"
    "memorysetup-profiler-bucket-allocator-bucket-count=8"
    "memorysetup-profiler-bucket-allocator-block-size=33554432"
    "memorysetup-profiler-bucket-allocator-block-count=8"
    "memorysetup-profiler-allocator-block-size=16777216"
    "memorysetup-profiler-editor-allocator-block-size=1048576"
    "memorysetup-temp-allocator-size-main=16777216"
    "memorysetup-job-temp-allocator-block-size=2097152"
    "memorysetup-job-temp-allocator-block-size-background=1048576"
    "memorysetup-job-temp-allocator-reduction-small-platforms=262144"
    "memorysetup-temp-allocator-size-background-worker=32768"
    "memorysetup-temp-allocator-size-job-worker=262144"
    "memorysetup-temp-allocator-size-preload-manager=33554432"
    "memorysetup-temp-allocator-size-nav-mesh-worker=65536"
    "memorysetup-temp-allocator-size-audio-worker=65536"
    "memorysetup-temp-allocator-size-cloud-worker=32768"
    "memorysetup-temp-allocator-size-gi-baking-worker=262144"
    "memorysetup-temp-allocator-size-gfx=262144"
Player connection [11284] Host "[IP] 192.168.1.4 [Port] 0 [Flags] 2 [Guid] 2842470913 [EditorId] 2842470913 [Version] 1048832 [Id] WindowsEditor(7,GF63) [Debug] 1 [PackageName] WindowsEditor [ProjectName] Editor" joined multi-casting on [225.0.0.222:54997]...

Player connection [11284] Host "[IP] 192.168.1.4 [Port] 0 [Flags] 2 [Guid] 2842470913 [EditorId] 2842470913 [Version] 1048832 [Id] WindowsEditor(7,GF63) [Debug] 1 [PackageName] WindowsEditor [ProjectName] Editor" joined alternative multi-casting on [225.0.0.222:34997]...

Refreshing native plugins compatible for Editor in 96.65 ms, found 3 plugins.
Preloading 0 native plugins for Editor in 0.00 ms.
Initialize engine version: 2021.3.26f1 (a16dc32e0ff2)
[Subsystems] Discovering subsystems at path D:/Unity/Editor/2021.3.26f1/Editor/Data/Resources/UnitySubsystems
[Subsystems] Discovering subsystems at path C:/Test Unity/FinalYearProject/Assets
GfxDevice: creating device client; threaded=0; jobified=0
Direct3D:
    Version:  Direct3D 11.0 [level 11.1]
    Renderer: NVIDIA GeForce GTX 1650 Ti with Max-Q Design (ID=0x1f95)
    Vendor:   NVIDIA
    VRAM:     3962 MB
    Driver:   27.21.14.6221
Initialize mono
Mono path[0] = 'D:/Unity/Editor/2021.3.26f1/Editor/Data/Managed'
Mono path[1] = 'D:/Unity/Editor/2021.3.26f1/Editor/Data/MonoBleedingEdge/lib/mono/unityjit-win32'
Mono config path = 'D:/Unity/Editor/2021.3.26f1/Editor/Data/MonoBleedingEdge/etc'
Using monoOptions --debugger-agent=transport=dt_socket,embedding=1,server=y,suspend=n,address=127.0.0.1:56744
Begin MonoManager ReloadAssembly
Registering precompiled unity dll's ...
Register platform support module: D:/Unity/Editor/2021.3.26f1/Editor/Data/PlaybackEngines/WindowsStandaloneSupport/UnityEditor.WindowsStandalone.Extensions.dll
Registered in 0.001959 seconds.
Native extension for WindowsStandalone target not found
Refreshing native plugins compatible for Editor in 109.42 ms, found 3 plugins.
Preloading 0 native plugins for Editor in 0.00 ms.
Mono: successfully reloaded assembly
- Completed reload, in  0.732 seconds
Domain Reload Profiling:
	ReloadAssembly (732ms)
		BeginReloadAssembly (84ms)
			ExecutionOrderSort (0ms)
			DisableScriptedObjects (0ms)
			BackupInstance (0ms)
			ReleaseScriptingObjects (0ms)
			CreateAndSetChildDomain (1ms)
		EndReloadAssembly (537ms)
			LoadAssemblies (84ms)
			RebuildTransferFunctionScriptingTraits (0ms)
			SetupTypeCache (141ms)
			ReleaseScriptCaches (0ms)
			RebuildScriptCaches (32ms)
			SetupLoadedEditorAssemblies (303ms)
				LogAssemblyErrors (0ms)
				InitializePlatformSupportModulesInManaged (7ms)
				SetLoadedEditorAssemblies (0ms)
				RefreshPlugins (109ms)
				BeforeProcessingInitializeOnLoad (2ms)
				ProcessInitializeOnLoadAttributes (135ms)
				ProcessInitializeOnLoadMethodAttributes (49ms)
				AfterProcessingInitializeOnLoad (0ms)
				EditorAssembliesLoaded (0ms)
			ExecutionOrderSort2 (0ms)
			AwakeInstancesAfterBackupRestoration (0ms)
Platform modules already initialized, skipping
Registering precompiled user dll's ...
Registered in 0.004576 seconds.
Begin MonoManager ReloadAssembly
Symbol file LoadedFromMemory doesn't match image C:\Test Unity\FinalYearProject\Library\PackageCache\com.unity.visualscripting@1.8.0\Editor\VisualScripting.Core\Dependencies\YamlDotNet\Unity.VisualScripting.YamlDotNet.dll
Symbol file LoadedFromMemory doesn't match image C:\Test Unity\FinalYearProject\Library\PackageCache\com.unity.visualscripting@1.8.0\Editor\VisualScripting.Core\Dependencies\DotNetZip\Unity.VisualScripting.IonicZip.dll
Native extension for WindowsStandalone target not found
Refreshing native plugins compatible for Editor in 0.80 ms, found 3 plugins.
Preloading 0 native plugins for Editor in 0.00 ms.
Mono: successfully reloaded assembly
- Completed reload, in  1.082 seconds
Domain Reload Profiling:
	ReloadAssembly (1083ms)
		BeginReloadAssembly (116ms)
			ExecutionOrderSort (0ms)
			DisableScriptedObjects (6ms)
			BackupInstance (0ms)
			ReleaseScriptingObjects (0ms)
			CreateAndSetChildDomain (20ms)
		EndReloadAssembly (852ms)
			LoadAssemblies (84ms)
			RebuildTransferFunctionScriptingTraits (0ms)
			SetupTypeCache (320ms)
			ReleaseScriptCaches (1ms)
			RebuildScriptCaches (61ms)
			SetupLoadedEditorAssemblies (356ms)
				LogAssemblyErrors (0ms)
				InitializePlatformSupportModulesInManaged (4ms)
				SetLoadedEditorAssemblies (1ms)
				RefreshPlugins (1ms)
				BeforeProcessingInitializeOnLoad (82ms)
				ProcessInitializeOnLoadAttributes (245ms)
				ProcessInitializeOnLoadMethodAttributes (21ms)
				AfterProcessingInitializeOnLoad (2ms)
				EditorAssembliesLoaded (0ms)
			ExecutionOrderSort2 (0ms)
			AwakeInstancesAfterBackupRestoration (6ms)
Platform modules already initialized, skipping
========================================================================
Worker process is ready to serve import requests
Launched and connected shader compiler UnityShaderCompiler.exe after 0.05 seconds
Refreshing native plugins compatible for Editor in 1.82 ms, found 3 plugins.
Preloading 0 native plugins for Editor in 0.00 ms.
Unloading 3648 Unused Serialized files (Serialized files now loaded: 0)
Unloading 38 unused Assets / (1.6 MB). Loaded Objects now: 4123.
Memory consumption went from 242.1 MB to 240.5 MB.
Total: 6.458000 ms (FindLiveObjects: 0.969300 ms CreateObjectMapping: 0.588500 ms MarkObjects: 4.371400 ms  DeleteObjects: 0.527300 ms)

AssetImportParameters requested are different than current active one (requested -> active):
  custom:video-decoder-ogg-theora: a1e56fd34408186e4bbccfd4996cb3dc -> 
  custom:container-muxer-webm: aa71ff27fc2769a1b78a27578f13a17b -> 
  custom:container-demuxer-webm: 4f35f7cbe854078d1ac9338744f61a02 -> 
  custom:video-encoder-webm-vp8: eb34c28f22e8b96e1ab97ce403110664 -> 
  custom:video-codec-MediaFoundation-h265: 746d11721c4dcdbdad8f713fa42b33f4 -> 
  custom:audio-encoder-webm-vorbis: bf7c407c2cedff20999df2af8eb42d56 -> 
  custom:framework-win-MediaFoundation: 216162199b28c13a410421893ffa2e32 -> 
  custom:container-demuxer-ogg: 62fdf1f143b41e24485cea50d1cbac27 -> 
  custom:video-decoder-webm-vp8: 9c59270c3fd7afecdb556c50c9e8de78 -> 
  custom:audio-decoder-ogg-vorbis: bf7c407c2cedff20999df2af8eb42d56 -> 
========================================================================
Received Import Request.
  Time since last request: 213271.534059 seconds.
  path: Assets/Package Downloaded/Cursors/Cursors 64/G_Cursor_Settings.png
  artifactKey: Guid(7ec1dbfa4ac227442ae8e6e238233e41) Importer(815301076,1909f56bfc062723c751e8b465ee728b)
Start importing Assets/Package Downloaded/Cursors/Cursors 64/G_Cursor_Settings.png using Guid(7ec1dbfa4ac227442ae8e6e238233e41) Importer(815301076,1909f56bfc062723c751e8b465ee728b)  -> (artifact id: '26b344ebf600da9923aec579f111ee2f') in 0.232607 seconds 
========================================================================
Received Import Request.
  Time since last request: 0.000040 seconds.
  path: Assets/Package Downloaded/Cursors/Cursors 64/G_Cursor_Basic2_G.png
  artifactKey: Guid(50df96a1a1ddc4b4ca4058e759481611) Importer(815301076,1909f56bfc062723c751e8b465ee728b)
Start importing Assets/Package Downloaded/Cursors/Cursors 64/G_Cursor_Basic2_G.png using Guid(50df96a1a1ddc4b4ca4058e759481611) Importer(815301076,1909f56bfc062723c751e8b465ee728b)  -> (artifact id: '1edafdd1ea6ff7981987c9902babc078') in 0.038010 seconds 
========================================================================
Received Import Request.
  Time since last request: 0.000044 seconds.
  path: Assets/Package Downloaded/Cursors/Cursors 64/G_Cursor_book.png
  artifactKey: Guid(9cda48e378d35dc4ab62c87729c084dd) Importer(815301076,1909f56bfc062723c751e8b465ee728b)
Start importing Assets/Package Downloaded/Cursors/Cursors 64/G_Cursor_book.png using Guid(9cda48e378d35dc4ab62c87729c084dd) Importer(815301076,1909f56bfc062723c751e8b465ee728b)  -> (artifact id: '3b2e8d68810fcaf8e79d1e80314fe794') in 0.029011 seconds 
========================================================================
Received Import Request.
  Time since last request: 0.000024 seconds.
  path: Assets/Package Downloaded/Cursors/Cursors 64/Arrow_G.png
  artifactKey: Guid(ad71c90b28196584aa5693c42cb430ba) Importer(815301076,1909f56bfc062723c751e8b465ee728b)
Start importing Assets/Package Downloaded/Cursors/Cursors 64/Arrow_G.png using Guid(ad71c90b28196584aa5693c42cb430ba) Importer(815301076,1909f56bfc062723c751e8b465ee728b)  -> (artifact id: '5a76c93d05846c95d35daef850c8cfb9') in 0.036106 seconds 
========================================================================
Received Import Request.
  Time since last request: 0.000024 seconds.
  path: Assets/Package Downloaded/Cursors/Cursors 64/G_Arrow.png
  artifactKey: Guid(6d3fc80206b127d469d54dc4512be56c) Importer(815301076,1909f56bfc062723c751e8b465ee728b)
Start importing Assets/Package Downloaded/Cursors/Cursors 64/G_Arrow.png using Guid(6d3fc80206b127d469d54dc4512be56c) Importer(815301076,1909f56bfc062723c751e8b465ee728b)  -> (artifact id: 'af6f156e6fd209d7f0aa6a238e43fe38') in 0.035711 seconds 
========================================================================
Received Import Request.
  Time since last request: 0.000028 seconds.
  path: Assets/Package Downloaded/Cursors/Cursors 64/Arrow.png
  artifactKey: Guid(f0556ff233d03be4ea69793a01440b16) Importer(815301076,1909f56bfc062723c751e8b465ee728b)
Start importing Assets/Package Downloaded/Cursors/Cursors 64/Arrow.png using Guid(f0556ff233d03be4ea69793a01440b16) Importer(815301076,1909f56bfc062723c751e8b465ee728b)  -> (artifact id: '88c063d162d2cc17687f639880d16678') in 0.037683 seconds 
========================================================================
Received Import Request.
  Time since last request: 0.000027 seconds.
  path: Assets/Package Downloaded/Cursors/Cursors 64/Cursor_Settings.png
  artifactKey: Guid(b669239a8c1b6ac4080aa3be64aefa82) Importer(815301076,1909f56bfc062723c751e8b465ee728b)
Start importing Assets/Package Downloaded/Cursors/Cursors 64/Cursor_Settings.png using Guid(b669239a8c1b6ac4080aa3be64aefa82) Importer(815301076,1909f56bfc062723c751e8b465ee728b)  -> (artifact id: 'ab73671b419df0dfde89cb6c0b8dc99a') in 0.033449 seconds 
========================================================================
Received Import Request.
  Time since last request: 0.000033 seconds.
  path: Assets/Package Downloaded/Cursors/Cursors 64/G_Cursor_Move2.png
  artifactKey: Guid(044ad49b35534f342af6d00d70eae1dd) Importer(815301076,1909f56bfc062723c751e8b465ee728b)
Start importing Assets/Package Downloaded/Cursors/Cursors 64/G_Cursor_Move2.png using Guid(044ad49b35534f342af6d00d70eae1dd) Importer(815301076,1909f56bfc062723c751e8b465ee728b)  -> (artifact id: '991d57f858730c7a564aa73b4e5b2f5d') in 0.035182 seconds 
========================================================================
Received Import Request.
  Time since last request: 0.000043 seconds.
  path: Assets/Package Downloaded/Cursors/Cursors 64/G_Cursor_Attack.png
  artifactKey: Guid(78bdc1d51cd53a648ac0c56ff5aaf59f) Importer(815301076,1909f56bfc062723c751e8b465ee728b)
Start importing Assets/Package Downloaded/Cursors/Cursors 64/G_Cursor_Attack.png using Guid(78bdc1d51cd53a648ac0c56ff5aaf59f) Importer(815301076,1909f56bfc062723c751e8b465ee728b)  -> (artifact id: '54bd03fb455244006251746e568968fc') in 0.026377 seconds 
========================================================================
Received Import Request.
  Time since last request: 0.000033 seconds.
  path: Assets/Package Downloaded/Cursors/Cursors 64/G_Cursor_Production.png
  artifactKey: Guid(fecb9a641cb3b244da7e3cf13d0df392) Importer(815301076,1909f56bfc062723c751e8b465ee728b)
Start importing Assets/Package Downloaded/Cursors/Cursors 64/G_Cursor_Production.png using Guid(fecb9a641cb3b244da7e3cf13d0df392) Importer(815301076,1909f56bfc062723c751e8b465ee728b)  -> (artifact id: '4d3134a0597cf9de99b0a0684226ff18') in 0.033683 seconds 
========================================================================
Received Import Request.
  Time since last request: 0.000036 seconds.
  path: Assets/Package Downloaded/Cursors/Cursors 64/Cursor_Attack_G.png
  artifactKey: Guid(b80e9b7703abc3c4384eaf14b27be27d) Importer(815301076,1909f56bfc062723c751e8b465ee728b)
Start importing Assets/Package Downloaded/Cursors/Cursors 64/Cursor_Attack_G.png using Guid(b80e9b7703abc3c4384eaf14b27be27d) Importer(815301076,1909f56bfc062723c751e8b465ee728b)  -> (artifact id: '452e1da674da65c5f87e3f4b506b7deb') in 0.032721 seconds 
========================================================================
Received Import Request.
  Time since last request: 0.000029 seconds.
  path: Assets/Package Downloaded/Cursors/Cursors 64/Cursor_Basic2_R.png
  artifactKey: Guid(ce5dc72a2c53d5e49917ae08ad7172d5) Importer(815301076,1909f56bfc062723c751e8b465ee728b)
Start importing Assets/Package Downloaded/Cursors/Cursors 64/Cursor_Basic2_R.png using Guid(ce5dc72a2c53d5e49917ae08ad7172d5) Importer(815301076,1909f56bfc062723c751e8b465ee728b)  -> (artifact id: 'f2e1ea85e1636e54ae9c714de6d318ca') in 0.031184 seconds 
========================================================================
Received Import Request.
  Time since last request: 0.000030 seconds.
  path: Assets/Package Downloaded/Cursors/Cursors 64/Cursor_Flask.png
  artifactKey: Guid(3c91d4a027422ac4a8f2152a853d036a) Importer(815301076,1909f56bfc062723c751e8b465ee728b)
Start importing Assets/Package Downloaded/Cursors/Cursors 64/Cursor_Flask.png using Guid(3c91d4a027422ac4a8f2152a853d036a) Importer(815301076,1909f56bfc062723c751e8b465ee728b)  -> (artifact id: '913d14c3bc53c6b7b5f98722873e226b') in 0.034026 seconds 
Editor requested this worker to shutdown with reason: Scaling down because of idle timeout
AssetImportWorker is now disconnected from the server
Process exiting
Exiting without the bug reporter. Application will terminate with return code 0