Using pre-set license
Built from '2021.3/staging' branch; Version is '2021.3.26f1 (a16dc32e0ff2) revision 10579395'; Using compiler version '192829333'; Build Type 'Release'
OS: 'Windows 11  (10.0.22621) 64bit CoreSingleLanguage' Language: 'en' Physical Memory: 16205 MB
BatchMode: 1, IsHumanControllingUs: 0, StartBugReporterOnCrash: 0, Is64bit: 1, IsPro: 1

COMMAND LINE ARGUMENTS:
D:\Unity\Editor\2021.3.26f1\Editor\Unity.exe
-adb2
-batchMode
-noUpm
-name
AssetImportWorker0
-projectPath
C:/Test Unity/FinalYearProject
-logFile
Logs/AssetImportWorker0.log
-srvPort
59738
Successfully changed project path to: C:/Test Unity/FinalYearProject
C:/Test Unity/FinalYearProject
[UnityMemory] Configuration Parameters - Can be set up in boot.config
    "memorysetup-bucket-allocator-granularity=16"
    "memorysetup-bucket-allocator-bucket-count=8"
    "memorysetup-bucket-allocator-block-size=33554432"
    "memorysetup-bucket-allocator-block-count=8"
    "memorysetup-main-allocator-block-size=16777216"
    "memorysetup-thread-allocator-block-size=16777216"
    "memorysetup-gfx-main-allocator-block-size=16777216"
    "memorysetup-gfx-thread-allocator-block-size=16777216"
    "memorysetup-cache-allocator-block-size=4194304"
    "memorysetup-typetree-allocator-block-size=2097152"
    "memorysetup-profiler-bucket-allocator-granularity=16"
    "memorysetup-profiler-bucket-allocator-bucket-count=8"
    "memorysetup-profiler-bucket-allocator-block-size=33554432"
    "memorysetup-profiler-bucket-allocator-block-count=8"
    "memorysetup-profiler-allocator-block-size=16777216"
    "memorysetup-profiler-editor-allocator-block-size=1048576"
    "memorysetup-temp-allocator-size-main=16777216"
    "memorysetup-job-temp-allocator-block-size=2097152"
    "memorysetup-job-temp-allocator-block-size-background=1048576"
    "memorysetup-job-temp-allocator-reduction-small-platforms=262144"
    "memorysetup-temp-allocator-size-background-worker=32768"
    "memorysetup-temp-allocator-size-job-worker=262144"
    "memorysetup-temp-allocator-size-preload-manager=33554432"
    "memorysetup-temp-allocator-size-nav-mesh-worker=65536"
    "memorysetup-temp-allocator-size-audio-worker=65536"
    "memorysetup-temp-allocator-size-cloud-worker=32768"
    "memorysetup-temp-allocator-size-gi-baking-worker=262144"
    "memorysetup-temp-allocator-size-gfx=262144"
Player connection [6112] Host "[IP] 10.26.16.223 [Port] 0 [Flags] 2 [Guid] 3383540555 [EditorId] 3383540555 [Version] 1048832 [Id] WindowsEditor(7,GF63) [Debug] 1 [PackageName] WindowsEditor [ProjectName] Editor" joined multi-casting on [225.0.0.222:54997]...

Player connection [6112] Host "[IP] 10.26.16.223 [Port] 0 [Flags] 2 [Guid] 3383540555 [EditorId] 3383540555 [Version] 1048832 [Id] WindowsEditor(7,GF63) [Debug] 1 [PackageName] WindowsEditor [ProjectName] Editor" joined alternative multi-casting on [225.0.0.222:34997]...

Refreshing native plugins compatible for Editor in 102.95 ms, found 3 plugins.
Preloading 0 native plugins for Editor in 0.00 ms.
Initialize engine version: 2021.3.26f1 (a16dc32e0ff2)
[Subsystems] Discovering subsystems at path D:/Unity/Editor/2021.3.26f1/Editor/Data/Resources/UnitySubsystems
[Subsystems] Discovering subsystems at path C:/Test Unity/FinalYearProject/Assets
GfxDevice: creating device client; threaded=0; jobified=0
Direct3D:
    Version:  Direct3D 11.0 [level 11.1]
    Renderer: NVIDIA GeForce GTX 1650 Ti with Max-Q Design (ID=0x1f95)
    Vendor:   NVIDIA
    VRAM:     3962 MB
    Driver:   27.21.14.6221
Initialize mono
Mono path[0] = 'D:/Unity/Editor/2021.3.26f1/Editor/Data/Managed'
Mono path[1] = 'D:/Unity/Editor/2021.3.26f1/Editor/Data/MonoBleedingEdge/lib/mono/unityjit-win32'
Mono config path = 'D:/Unity/Editor/2021.3.26f1/Editor/Data/MonoBleedingEdge/etc'
Using monoOptions --debugger-agent=transport=dt_socket,embedding=1,server=y,suspend=n,address=127.0.0.1:56676
Begin MonoManager ReloadAssembly
Registering precompiled unity dll's ...
Register platform support module: D:/Unity/Editor/2021.3.26f1/Editor/Data/PlaybackEngines/WindowsStandaloneSupport/UnityEditor.WindowsStandalone.Extensions.dll
Registered in 0.002778 seconds.
Native extension for WindowsStandalone target not found
Refreshing native plugins compatible for Editor in 99.31 ms, found 3 plugins.
Preloading 0 native plugins for Editor in 0.00 ms.
Mono: successfully reloaded assembly
- Completed reload, in  0.720 seconds
Domain Reload Profiling:
	ReloadAssembly (720ms)
		BeginReloadAssembly (109ms)
			ExecutionOrderSort (0ms)
			DisableScriptedObjects (0ms)
			BackupInstance (0ms)
			ReleaseScriptingObjects (0ms)
			CreateAndSetChildDomain (1ms)
		EndReloadAssembly (503ms)
			LoadAssemblies (108ms)
			RebuildTransferFunctionScriptingTraits (0ms)
			SetupTypeCache (137ms)
			ReleaseScriptCaches (0ms)
			RebuildScriptCaches (28ms)
			SetupLoadedEditorAssemblies (290ms)
				LogAssemblyErrors (0ms)
				InitializePlatformSupportModulesInManaged (7ms)
				SetLoadedEditorAssemblies (0ms)
				RefreshPlugins (99ms)
				BeforeProcessingInitializeOnLoad (1ms)
				ProcessInitializeOnLoadAttributes (132ms)
				ProcessInitializeOnLoadMethodAttributes (50ms)
				AfterProcessingInitializeOnLoad (0ms)
				EditorAssembliesLoaded (0ms)
			ExecutionOrderSort2 (0ms)
			AwakeInstancesAfterBackupRestoration (0ms)
Platform modules already initialized, skipping
Registering precompiled user dll's ...
Registered in 0.004691 seconds.
Begin MonoManager ReloadAssembly
Symbol file LoadedFromMemory doesn't match image C:\Test Unity\FinalYearProject\Library\PackageCache\com.unity.visualscripting@1.8.0\Editor\VisualScripting.Core\Dependencies\YamlDotNet\Unity.VisualScripting.YamlDotNet.dll
Symbol file LoadedFromMemory doesn't match image C:\Test Unity\FinalYearProject\Library\PackageCache\com.unity.visualscripting@1.8.0\Editor\VisualScripting.Core\Dependencies\DotNetZip\Unity.VisualScripting.IonicZip.dll
Native extension for WindowsStandalone target not found
Refreshing native plugins compatible for Editor in 0.96 ms, found 3 plugins.
Preloading 0 native plugins for Editor in 0.00 ms.
Mono: successfully reloaded assembly
- Completed reload, in  1.176 seconds
Domain Reload Profiling:
	ReloadAssembly (1177ms)
		BeginReloadAssembly (106ms)
			ExecutionOrderSort (0ms)
			DisableScriptedObjects (7ms)
			BackupInstance (0ms)
			ReleaseScriptingObjects (0ms)
			CreateAndSetChildDomain (18ms)
		EndReloadAssembly (968ms)
			LoadAssemblies (77ms)
			RebuildTransferFunctionScriptingTraits (0ms)
			SetupTypeCache (407ms)
			ReleaseScriptCaches (1ms)
			RebuildScriptCaches (67ms)
			SetupLoadedEditorAssemblies (371ms)
				LogAssemblyErrors (0ms)
				InitializePlatformSupportModulesInManaged (4ms)
				SetLoadedEditorAssemblies (1ms)
				RefreshPlugins (1ms)
				BeforeProcessingInitializeOnLoad (80ms)
				ProcessInitializeOnLoadAttributes (260ms)
				ProcessInitializeOnLoadMethodAttributes (23ms)
				AfterProcessingInitializeOnLoad (2ms)
				EditorAssembliesLoaded (0ms)
			ExecutionOrderSort2 (0ms)
			AwakeInstancesAfterBackupRestoration (6ms)
Platform modules already initialized, skipping
========================================================================
Worker process is ready to serve import requests
Launched and connected shader compiler UnityShaderCompiler.exe after 0.05 seconds
Refreshing native plugins compatible for Editor in 0.81 ms, found 3 plugins.
Preloading 0 native plugins for Editor in 0.00 ms.
Unloading 3646 Unused Serialized files (Serialized files now loaded: 0)
Unloading 38 unused Assets / (1.6 MB). Loaded Objects now: 4121.
Memory consumption went from 242.1 MB to 240.5 MB.
Total: 3.078700 ms (FindLiveObjects: 0.276500 ms CreateObjectMapping: 0.251600 ms MarkObjects: 2.198900 ms  DeleteObjects: 0.350900 ms)

AssetImportParameters requested are different than current active one (requested -> active):
  custom:video-decoder-ogg-theora: a1e56fd34408186e4bbccfd4996cb3dc -> 
  custom:container-muxer-webm: aa71ff27fc2769a1b78a27578f13a17b -> 
  custom:container-demuxer-webm: 4f35f7cbe854078d1ac9338744f61a02 -> 
  custom:video-encoder-webm-vp8: eb34c28f22e8b96e1ab97ce403110664 -> 
  custom:video-codec-MediaFoundation-h265: 746d11721c4dcdbdad8f713fa42b33f4 -> 
  custom:audio-encoder-webm-vorbis: bf7c407c2cedff20999df2af8eb42d56 -> 
  custom:framework-win-MediaFoundation: 216162199b28c13a410421893ffa2e32 -> 
  custom:container-demuxer-ogg: 62fdf1f143b41e24485cea50d1cbac27 -> 
  custom:video-decoder-webm-vp8: 9c59270c3fd7afecdb556c50c9e8de78 -> 
  custom:audio-decoder-ogg-vorbis: bf7c407c2cedff20999df2af8eb42d56 -> 
========================================================================
Received Import Request.
  Time since last request: 93223.879831 seconds.
  path: Assets/3DForge/Blueprints
  artifactKey: Guid(574f265e6f0fcbd4789867de57a04f32) Importer(815301076,1909f56bfc062723c751e8b465ee728b)
Start importing Assets/3DForge/Blueprints using Guid(574f265e6f0fcbd4789867de57a04f32) Importer(815301076,1909f56bfc062723c751e8b465ee728b)  -> (artifact id: 'b7ec944747d935b842feb9b940db0952') in 0.018738 seconds 
========================================================================
Received Import Request.
  Time since last request: 0.543516 seconds.
  path: Assets/3DForge/Blueprints/PremiumBlueprints
  artifactKey: Guid(8e5fb4c885ac40740a1f3e39403661d7) Importer(815301076,1909f56bfc062723c751e8b465ee728b)
Start importing Assets/3DForge/Blueprints/PremiumBlueprints using Guid(8e5fb4c885ac40740a1f3e39403661d7) Importer(815301076,1909f56bfc062723c751e8b465ee728b)  -> (artifact id: '166cb7488df9da9fbae361be31790cf5') in 0.010956 seconds 
========================================================================
Received Import Request.
  Time since last request: 0.482119 seconds.
  path: Assets/3DForge/Blueprints/PremiumBlueprints/PB_VIK_VEK
  artifactKey: Guid(e1be0aff3973a604281888962ab8fd6f) Importer(815301076,1909f56bfc062723c751e8b465ee728b)
Start importing Assets/3DForge/Blueprints/PremiumBlueprints/PB_VIK_VEK using Guid(e1be0aff3973a604281888962ab8fd6f) Importer(815301076,1909f56bfc062723c751e8b465ee728b)  -> (artifact id: '6442845ae107daa64ffc2ae7f5bd946f') in 0.013326 seconds 
========================================================================
Received Import Request.
  Time since last request: 0.465043 seconds.
  path: Assets/3DForge/Blueprints/PremiumBlueprints/PB_VIK_VEK/FrontierSettlement
  artifactKey: Guid(481cd52ae7bc40443acf76a2af4efb02) Importer(815301076,1909f56bfc062723c751e8b465ee728b)
Start importing Assets/3DForge/Blueprints/PremiumBlueprints/PB_VIK_VEK/FrontierSettlement using Guid(481cd52ae7bc40443acf76a2af4efb02) Importer(815301076,1909f56bfc062723c751e8b465ee728b)  -> (artifact id: 'ca0f023d63cf069b6cd95a46bbf2cf2e') in 0.010855 seconds 
========================================================================
Received Import Request.
  Time since last request: 1.819126 seconds.
  path: Assets/3DForge/Blueprints/PremiumBlueprints/PB_VIK_VEK/FrontierSettlement/BLUEPRINTS
  artifactKey: Guid(d5495da2aa73206409d843ed6ca93dab) Importer(815301076,1909f56bfc062723c751e8b465ee728b)
Start importing Assets/3DForge/Blueprints/PremiumBlueprints/PB_VIK_VEK/FrontierSettlement/BLUEPRINTS using Guid(d5495da2aa73206409d843ed6ca93dab) Importer(815301076,1909f56bfc062723c751e8b465ee728b)  -> (artifact id: 'f0e249d8e5a1ecd442765b916ca97062') in 0.009237 seconds 
========================================================================
Received Import Request.
  Time since last request: 0.841524 seconds.
  path: Assets/3DForge/Blueprints/PremiumBlueprints/PB_VIK_VEK/FrontierSettlement/BLUEPRINTS/Frontiers
  artifactKey: Guid(e56d5e13a6abade4da1a51dde26c6e14) Importer(815301076,1909f56bfc062723c751e8b465ee728b)
Start importing Assets/3DForge/Blueprints/PremiumBlueprints/PB_VIK_VEK/FrontierSettlement/BLUEPRINTS/Frontiers using Guid(e56d5e13a6abade4da1a51dde26c6e14) Importer(815301076,1909f56bfc062723c751e8b465ee728b)  -> (artifact id: '8e6467887bcfcd3531a9c69a8e7c4337') in 0.010941 seconds 
========================================================================
Received Import Request.
  Time since last request: 0.063934 seconds.
  path: Assets/3DForge/Blueprints/PremiumBlueprints/PB_VIK_VEK/FrontierSettlement/BLUEPRINTS/Frontiers/PB_FS_Blacksmith.prefab
  artifactKey: Guid(a80b83884ffb26f41bc6c3343143484a) Importer(815301076,1909f56bfc062723c751e8b465ee728b)
Start importing Assets/3DForge/Blueprints/PremiumBlueprints/PB_VIK_VEK/FrontierSettlement/BLUEPRINTS/Frontiers/PB_FS_Blacksmith.prefab using Guid(a80b83884ffb26f41bc6c3343143484a) Importer(815301076,1909f56bfc062723c751e8b465ee728b)  -> (artifact id: '9a628edd44d66ddef702c73af3a65805') in 0.317497 seconds 
========================================================================
Received Import Request.
  Time since last request: 0.000021 seconds.
  path: Assets/3DForge/Blueprints/PremiumBlueprints/PB_VIK_VEK/FrontierSettlement/BLUEPRINTS/Frontiers/PB_FS_Settlement01.prefab
  artifactKey: Guid(2c169ebb482516542888a6e2fee8b109) Importer(815301076,1909f56bfc062723c751e8b465ee728b)
Start importing Assets/3DForge/Blueprints/PremiumBlueprints/PB_VIK_VEK/FrontierSettlement/BLUEPRINTS/Frontiers/PB_FS_Settlement01.prefab using Guid(2c169ebb482516542888a6e2fee8b109) Importer(815301076,1909f56bfc062723c751e8b465ee728b)  -> (artifact id: '4911a822bc653ece0b5545bee845f4ce') in 0.143190 seconds 
========================================================================
Received Import Request.
  Time since last request: 171.760947 seconds.
  path: Assets/Treasure chest closed/treasure_chest_closed.prefab
  artifactKey: Guid(5dcae5adf53292945adef517afe8041e) Importer(815301076,1909f56bfc062723c751e8b465ee728b)
Start importing Assets/Treasure chest closed/treasure_chest_closed.prefab using Guid(5dcae5adf53292945adef517afe8041e) Importer(815301076,1909f56bfc062723c751e8b465ee728b)  -> (artifact id: 'ced66bb1677e91ed47a0f3a81236de03') in 0.029220 seconds 
