
=== Wed Jun 14 19:42:55 2023

Packages were changed.
Update Mode: mergeDefaultDependencies

The following packages were added:
  com.unity.ide.rider@3.0.21
  com.unity.ide.visualstudio@2.0.18
  com.unity.ide.vscode@1.2.5
  com.unity.modules.ai@1.0.0
  com.unity.modules.androidjni@1.0.0
  com.unity.modules.animation@1.0.0
  com.unity.modules.assetbundle@1.0.0
  com.unity.modules.audio@1.0.0
  com.unity.modules.cloth@1.0.0
  com.unity.modules.director@1.0.0
  com.unity.modules.imageconversion@1.0.0
  com.unity.modules.imgui@1.0.0
  com.unity.modules.jsonserialize@1.0.0
  com.unity.modules.particlesystem@1.0.0
  com.unity.modules.physics@1.0.0
  com.unity.modules.physics2d@1.0.0
  com.unity.modules.screencapture@1.0.0
  com.unity.modules.terrain@1.0.0
  com.unity.modules.terrainphysics@1.0.0
  com.unity.modules.tilemap@1.0.0
  com.unity.modules.ui@1.0.0
  com.unity.modules.uielements@1.0.0
  com.unity.modules.umbra@1.0.0
  com.unity.modules.unityanalytics@1.0.0
  com.unity.modules.unitywebrequest@1.0.0
  com.unity.modules.unitywebrequestassetbundle@1.0.0
  com.unity.modules.unitywebrequestaudio@1.0.0
  com.unity.modules.unitywebrequesttexture@1.0.0
  com.unity.modules.unitywebrequestwww@1.0.0
  com.unity.modules.vehicles@1.0.0
  com.unity.modules.video@1.0.0
  com.unity.modules.vr@1.0.0
  com.unity.modules.wind@1.0.0
  com.unity.modules.xr@1.0.0
  com.unity.test-framework@1.1.33
The following packages were updated:
  com.unity.collab-proxy from version 1.13.5 to 2.0.4
  com.unity.timeline from version 1.6.2 to 1.6.5
  com.unity.visualscripting from version 1.7.6 to 1.8.0

=== Mon Jul 24 22:03:11 2023

Packages were changed.
Update Mode: updateDependencies

The following packages were updated:
  com.unity.postprocessing from version 2.2.2 to 3.2.2
  com.unity.textmeshpro from version 2.0.1 to 3.0.6

=== Mon Jul 24 22:03:12 2023

Packages were changed.
Update Mode: mergeDefaultDependencies

The following packages were added:
  com.unity.postprocessing@3.2.2

=== Mon Jul 24 22:24:27 2023

Packages were changed.
Update Mode: updateDependencies

The following packages were updated:
  com.unity.postprocessing from version 2.2.2 to 3.2.2
  com.unity.textmeshpro from version 2.0.1 to 3.0.6

=== Mon Jul 24 22:28:42 2023

Packages were changed.
Update Mode: updateDependencies

The following packages were updated:
  com.unity.postprocessing from version 2.2.2 to 3.2.2
  com.unity.textmeshpro from version 2.0.1 to 3.0.6

=== Sat Aug 19 00:18:04 2023

Packages were changed.
Update Mode: mergeDefaultDependencies

The following packages were added:
  com.unity.render-pipelines.universal@12.1.11

=== Sun Sep 17 10:50:22 2023

Packages were changed.
Update Mode: updateDependencies

The following packages were updated:
  com.unity.inputsystem from version 1.4.4 to 1.5.1
  com.unity.render-pipelines.universal from version 12.1.6 to 12.1.11

=== Sun Sep 17 10:50:23 2023

Packages were changed.
Update Mode: mergeDefaultDependencies

The following packages were added:
  com.unity.inputsystem@1.5.1

=== Sun Sep 17 10:52:48 2023

Packages were changed.
Update Mode: updateDependencies

The following packages were updated:
  com.unity.inputsystem from version 1.4.4 to 1.5.1
  com.unity.render-pipelines.universal from version 12.1.6 to 12.1.11

=== Mon Sep 18 18:50:07 2023

Packages were changed.
Update Mode: updateDependencies

The following packages were updated:
  com.unity.postprocessing from version 2.3.0 to 3.2.2
